--------------------------------------------------------------------------------
Makelog started: 2022-08-30 07:56:14
Working directory: /home/statauser/template/data
--------------------------------------------------------------------------------
Input links successfully created!
External links successfully created!
Source logs successfully written!
WARNING! The following target files have been modified according to git status:
/home/statauser/template/raw/tv.csv
/home/statauser/template/raw/chips.csv
Executing command: `python  "/home/statauser/template/data/code/merge_data.py" `
Executing command: `python  "/home/statauser/template/data/code/clean_data.py" `
Matplotlib is building the font cache; this may take a moment.
/home/statauser/template/data/code/clean_data.py:17: SettingWithCopyWarning: 
A value is trying to be set on a copy of a slice from a DataFrame

See the caveats in the documentation: https://pandas.pydata.org/pandas-docs/stable/user_guide/indexing.html#returning-a-view-versus-a-copy
  df['chips_sold'][df['chips_sold'] == -999999] = np.NaN

Output logs successfully written!
WARNING! Certain files tracked by git exceed the config size limit (0.5 MB). See below for list of files.
/home/statauser/template/data/output/data_cleaned.csv
/home/statauser/template/data/output/data_merged.csv
--------------------------------------------------------------------------------
Makelog ended: 2022-08-30 07:56:29
Working directory: /home/statauser/template/data
--------------------------------------------------------------------------------
