file name | last modified | file size
/home/statauser/template/lib/gslab_make/sphinx/build/html/pages/api/run_program/gslab_make.run_program.run_module.html | 2022-08-30 07:52:43 | 10126
/home/statauser/template/lib/gslab_make/gslab_make/private/messages.py | 2022-08-30 07:52:40 | 5991
/home/statauser/template/lib/gslab_make/sphinx/build/html/_sources/pages/api/tablefill/gslab_make.tablefill.tablefill.rst.txt | 2022-08-30 07:52:41 | 90
/home/statauser/template/lib/gslab_make/sphinx/source/pages/api/run_program/gslab_make.run_program.run_stat_transfer.rst | 2022-08-30 07:52:43 | 116
/home/statauser/template/lib/gslab_make/test/test_log_outputs.py | 2022-08-30 07:52:44 | 5431
/home/statauser/template/lib/gslab_make/sphinx/build/html/_sources/pages/api/run_program/gslab_make.run_program.run_matlab.rst.txt | 2022-08-30 07:52:41 | 95
/home/statauser/template/lib/gslab_make/build/lib/gslab_make/textfill.py | 2022-08-30 07:52:37 | 5952
/home/statauser/template/lib/gslab_make/test/raw/move_sources/file.txt | 2022-08-30 07:52:44 | 0
/home/statauser/template/lib/gslab_make/sphinx/build/doctrees/pages/api/write_source_logs/gslab_make.write_source_logs.write_source_logs.doctree | 2022-08-30 07:52:41 | 19112
/home/statauser/template/lib/gslab_make/sphinx/build/html/_static/css/fonts/lato-bold-italic.woff2 | 2022-08-30 07:52:41 | 193308
/home/statauser/template/lib/gslab_make/docs/_static/fonts/Inconsolata-Regular.ttf | 2022-08-30 07:52:38 | 96964
/home/statauser/template/lib/gslab_make/sphinx/source/pages/api/make_utility/gslab_make.make_utility.copy_output.rst | 2022-08-30 07:52:43 | 99
/home/statauser/template/lib/gslab_make/sphinx/build/html/pages/utility.html | 2022-08-30 07:52:43 | 11918
/home/statauser/template/lib/gslab_make/test/raw/move_sources/move_bad.txt | 2022-08-30 07:52:44 | 31
/home/statauser/template/lib/gslab_make/docs/_sources/pages/api/move_sources/gslab_make.move_sources.link_externals.rst.txt | 2022-08-30 07:52:37 | 108
/home/statauser/template/lib/gslab_make/sphinx/build/html/pages/api/write_logs/gslab_make.write_logs.write_to_makelog.html | 2022-08-30 07:52:43 | 7391
/home/statauser/template/lib/gslab_make/test/EXCLUDE_test_R.py | 2022-08-30 07:52:43 | 8908
/home/statauser/template/lib/gslab_make/gslab_make/textfill_info.py | 2022-08-30 07:52:40 | 6314
/home/statauser/template/lib/gslab_make/build/lib/test/WIP_test_matlab.py | 2022-08-30 07:52:37 | 8781
/home/statauser/template/lib/gslab_make/docs/_static/basic.css | 2022-08-30 07:52:37 | 14621
/home/statauser/template/lib/gslab_make/sphinx/build/html/_sources/pages/api/run_program/gslab_make.run_program.run_stat_transfer.rst.txt | 2022-08-30 07:52:41 | 116
/home/statauser/template/lib/gslab_make/test/raw/move_sources/move_missing.txt | 2022-08-30 07:52:44 | 80
/home/statauser/template/lib/gslab_make/sphinx/build/html/_sources/pages/api/run_program/gslab_make.run_program.run_mathematica.rst.txt | 2022-08-30 07:52:41 | 110
/home/statauser/template/lib/gslab_make/docs/_static/css/fonts/Roboto-Slab-Bold.woff2 | 2022-08-30 07:52:37 | 67312
/home/statauser/template/lib/gslab_make/test/raw/tablefill/tablefill_template_extra_input.lyx | 2022-08-30 07:52:44 | 1736
/home/statauser/template/lib/gslab_make/sphinx/build/doctrees/pages/api/run_program/gslab_make.run_program.run_module.doctree | 2022-08-30 07:52:41 | 12746
/home/statauser/template/lib/gslab_make/docs/_sources/pages/api/run_program/gslab_make.run_program.run_mathematica.rst.txt | 2022-08-30 07:52:37 | 110
/home/statauser/template/lib/gslab_make/docs/pages/api/write_source_logs/gslab_make.write_source_logs.write_source_logs.html | 2022-08-30 07:52:40 | 10499
/home/statauser/template/lib/gslab_make/test/raw/run_program/matlab_script.m | 2022-08-30 07:52:44 | 84
/home/statauser/template/lib/gslab_make/docs/pages/api/write_logs/gslab_make.write_logs.end_makelog.html | 2022-08-30 07:52:40 | 7342
/home/statauser/template/lib/gslab_make/sphinx/build/doctrees/pages/api/make_utility/gslab_make.make_utility.update_paths.doctree | 2022-08-30 07:52:40 | 7063
/home/statauser/template/lib/gslab_make/sphinx/build/html/_sources/pages/api/write_source_logs/gslab_make.write_source_logs.write_source_logs.rst.txt | 2022-08-30 07:52:41 | 122
/home/statauser/template/lib/gslab_make/test/raw/log_sources/move space.txt | 2022-08-30 07:52:44 | 65
/home/statauser/template/lib/gslab_make/sphinx/source/pages/api/run_program/gslab_make.run_program.run_stata.rst | 2022-08-30 07:52:43 | 92
/home/statauser/template/lib/gslab_make/sphinx/build/doctrees/pages/api/run_program/gslab_make.run_program.run_matlab.doctree | 2022-08-30 07:52:41 | 18357
/home/statauser/template/lib/gslab_make/docs/_static/js/theme.js | 2022-08-30 07:52:39 | 5023
/home/statauser/template/lib/gslab_make/sphinx/build/html/_static/css/fonts/lato-normal.woff2 | 2022-08-30 07:52:42 | 182708
/home/statauser/template/lib/gslab_make/sphinx/build/html/_sources/pages/api/move_sources/gslab_make.move_sources.link_externals.rst.txt | 2022-08-30 07:52:41 | 108
/home/statauser/template/lib/gslab_make/docs/_sources/pages/api/write_logs/gslab_make.write_logs.start_makelog.rst.txt | 2022-08-30 07:52:37 | 103
/home/statauser/template/lib/gslab_make/docs/_sources/pages/api/check_repo/gslab_make.check_repo.check_module_size.rst.txt | 2022-08-30 07:52:37 | 115
/home/statauser/template/lib/gslab_make/sphinx/source/pages/api/move_sources/gslab_make.move_sources.link_inputs.rst | 2022-08-30 07:52:43 | 99
/home/statauser/template/lib/gslab_make/sphinx/build/html/pages/api/run_program/gslab_make.run_program.run_stat_transfer.html | 2022-08-30 07:52:43 | 11224
/home/statauser/template/lib/gslab_make/test/raw/run_program/perl_script space.pl | 2022-08-30 07:52:44 | 208
/home/statauser/template/lib/__init__.py | 2022-08-27 20:26:09 | 0
/home/statauser/template/lib/gslab_make/docs/_static/fonts/fontawesome-webfont.ttf | 2022-08-30 07:52:38 | 165548
/home/statauser/template/lib/gslab_make/test/raw/config/config_user_bad_executables.yaml | 2022-08-30 07:52:44 | 249
/home/statauser/template/lib/gslab_make/docs/_sources/pages/api/move_sources/gslab_make.move_sources.link_inputs.rst.txt | 2022-08-30 07:52:37 | 99
/home/statauser/template/lib/gslab_make/docs/_static/fonts/RobotoSlab/roboto-slab-v7-bold.woff2 | 2022-08-30 07:52:38 | 67312
/home/statauser/template/lib/gslab_make/build/lib/gslab_make/private/metadata.py | 2022-08-30 07:52:37 | 3937
/home/statauser/template/lib/gslab_make/sphinx/build/doctrees/pages/api/make_utility/gslab_make.make_utility.update_external_paths.doctree | 2022-08-30 07:52:40 | 9759
/home/statauser/template/lib/gslab_make/gslab_make/__pycache__/make_utility.cpython-37.pyc | 2022-08-30 07:56:03 | 5658
/home/statauser/template/lib/gslab_make/sphinx/build/doctrees/pages/api/run_program/gslab_make.run_program.run_sas.doctree | 2022-08-30 07:52:41 | 20428
/home/statauser/template/lib/gslab_make/build/lib/gslab_make/private/utility.py | 2022-08-30 07:52:37 | 8202
/home/statauser/template/lib/gslab_make/gslab_make/__pycache__/__init__.cpython-37.pyc | 2022-08-30 07:56:01 | 1603
/home/statauser/template/lib/gslab_make/docs/_static/fonts/Lato/lato-italic.eot | 2022-08-30 07:52:38 | 268604
/home/statauser/template/lib/gslab_make/docs/pages/api/make_utility/gslab_make.make_utility.update_external_paths.html | 2022-08-30 07:52:40 | 8194
/home/statauser/template/lib/gslab_make/sphinx/build/html/_static/fonts/Lato/lato-italic.ttf | 2022-08-30 07:52:42 | 639388
/home/statauser/template/lib/gslab_make/test/raw/run_program/perl_script.pl | 2022-08-30 07:52:44 | 208
/home/statauser/template/lib/gslab_make/docs/pages/api/make_utility/gslab_make.make_utility.update_executables.html | 2022-08-30 07:52:40 | 8060
/home/statauser/template/lib/gslab_make/sphinx/build/html/_sources/pages/api/move_sources/gslab_make.move_sources.link_inputs.rst.txt | 2022-08-30 07:52:41 | 99
/home/statauser/template/lib/gslab_make/gslab_make/textfill.py | 2022-08-30 07:52:40 | 5952
/home/statauser/template/lib/gslab_make/sphinx/build/html/_static/fonts/Inconsolata-Bold.ttf | 2022-08-30 07:52:42 | 109948
/home/statauser/template/lib/gslab_make/sphinx/build/html/_sources/pages/api/run_program/gslab_make.run_program.run_module.rst.txt | 2022-08-30 07:52:41 | 95
/home/statauser/template/lib/gslab_make/build/lib/test/test_tablefill.py | 2022-08-30 07:52:37 | 4588
/home/statauser/template/lib/gslab_make/sphinx/build/html/_sources/pages/dummy.rst.txt | 2022-08-30 07:52:41 | 741
/home/statauser/template/lib/gslab_make/sphinx/build/html/pages/api/run_program/gslab_make.run_program.run_sas.html | 2022-08-30 07:52:43 | 11516
/home/statauser/template/lib/gslab_make/docs/_sources/pages/api/make_utility/gslab_make.make_utility.update_external_paths.rst.txt | 2022-08-30 07:52:37 | 129
/home/statauser/template/lib/gslab_make/sphinx/build/html/pages/api/run_program/gslab_make.run_program.execute_command.html | 2022-08-30 07:52:43 | 10991
/home/statauser/template/lib/gslab_make/sphinx/make.bat | 2022-08-30 07:52:43 | 941
/home/statauser/template/lib/gslab_make/sphinx/build/doctrees/pages/api/move_sources/gslab_make.move_sources.link_inputs.doctree | 2022-08-30 07:52:41 | 21299
/home/statauser/template/raw/tv.csv | 2022-08-30 07:51:08 | 98923
/home/statauser/template/lib/gslab_make/sphinx/build/html/pages/repository.html | 2022-08-30 07:52:43 | 11136
/home/statauser/template/lib/gslab_make/sphinx/build/html/pages/api/modify_dir/gslab_make.modify_dir.zip_dir.html | 2022-08-30 07:52:43 | 6560
/home/statauser/template/lib/gslab_make/docs/_static/css/fonts/Roboto-Slab-Regular.woff2 | 2022-08-30 07:52:37 | 66444
/home/statauser/template/lib/gslab_make/docs/_sources/pages/api/run_program/gslab_make.run_program.run_stata.rst.txt | 2022-08-30 07:52:37 | 92
/home/statauser/template/lib/gslab_make/test/raw/run_program/stata_script_error.do | 2022-08-30 07:52:44 | 5
/home/statauser/template/lib/gslab_make/docs/pages/api/check_repo/gslab_make.check_repo.get_modified_sources.html | 2022-08-30 07:52:40 | 8467
/home/statauser/template/lib/gslab_make/build/lib/test/EXCLUDE_test_R.py | 2022-08-30 07:52:37 | 8908
/home/statauser/template/lib/gslab_make/sphinx/build/html/_static/css/fonts/Roboto-Slab-Bold.woff2 | 2022-08-30 07:52:41 | 67312
/home/statauser/template/lib/gslab_make/sphinx/build/html/_static/_sphinx_javascript_frameworks_compat.js | 2022-08-30 07:52:41 | 4418
/home/statauser/template/lib/gslab_make/docs/pages/api/run_program/gslab_make.run_program.run_lyx.html | 2022-08-30 07:52:40 | 12004
/home/statauser/template/lib/gslab_make/sphinx/build/html/_static/css/fonts/lato-bold.woff2 | 2022-08-30 07:52:41 | 184912
/home/statauser/template/lib/gslab_make/gslab_make/move_sources.py | 2022-08-30 07:52:40 | 19397
/home/statauser/template/lib/gslab_make/sphinx/source/pages/specifying_paths.rst | 2022-08-30 07:52:43 | 2616
/home/statauser/template/lib/gslab_make/test/raw/run_program/matlab_script space.m | 2022-08-30 07:52:44 | 84
/home/statauser/template/lib/gslab_make/build/lib/test/test_log_outputs.py | 2022-08-30 07:52:37 | 5431
/home/statauser/template/lib/gslab_make/test/test_makelog.py | 2022-08-30 07:52:44 | 2622
/home/statauser/template/lib/gslab_make/test/raw/run_program/latex_file.tex | 2022-08-30 07:52:44 | 276
/home/statauser/template/lib/gslab_make/test/raw/tablefill/tablefill_╬▓.txt | 2022-08-30 07:52:44 | 73
/home/statauser/template/lib/gslab_make/build/lib/gslab_make/private/subprocess_fix.py | 2022-08-30 07:52:37 | 5428
/home/statauser/template/lib/gslab_make/docs/_static/fonts/Lato/lato-regular.woff | 2022-08-30 07:52:38 | 309192
/home/statauser/template/lib/gslab_make/docs/_static/underscore-1.12.0.js | 2022-08-30 07:52:39 | 67692
/home/statauser/template/lib/gslab_make/sphinx/build/html/_sources/pages/api/write_logs/gslab_make.write_logs.start_makelog.rst.txt | 2022-08-30 07:52:41 | 103
/home/statauser/template/lib/gslab_make/gslab_make/__pycache__/textfill.cpython-37.pyc | 2022-08-30 07:56:03 | 5022
/home/statauser/template/lib/gslab_make/sphinx/build/html/_static/fonts/fontawesome-webfont.woff | 2022-08-30 07:52:42 | 98024
/home/statauser/template/lib/gslab_make/gslab_make/private/__init__.py | 2022-08-30 07:52:40 | 0
/home/statauser/template/lib/gslab_make/sphinx/build/html/_static/fonts/RobotoSlab/roboto-slab-v7-bold.eot | 2022-08-30 07:52:42 | 79520
/home/statauser/template/lib/gslab_make/docs/_sources/pages/api/run_program/gslab_make.run_program.run_module.rst.txt | 2022-08-30 07:52:37 | 95
/home/statauser/template/lib/gslab_make/docs/pages/api/run_program/gslab_make.run_program.run_latex.html | 2022-08-30 07:52:40 | 11553
/home/statauser/template/lib/gslab_make/sphinx/build/html/_static/js/html5shiv.min.js | 2022-08-30 07:52:43 | 2734
/home/statauser/template/lib/gslab_make/sphinx/build/doctrees/pages/api/make_utility/gslab_make.make_utility.update_internal_paths.doctree | 2022-08-30 07:52:40 | 8620
/home/statauser/template/lib/gslab_make/sphinx/build/html/_static/fonts/Inconsolata-Regular.ttf | 2022-08-30 07:52:42 | 96964
/home/statauser/template/lib/gslab_make/docs/_static/fonts/RobotoSlab/roboto-slab-v7-regular.eot | 2022-08-30 07:52:38 | 78331
/home/statauser/template/raw/chips.csv | 2022-08-30 07:51:08 | 8758851
/home/statauser/template/lib/gslab_make/sphinx/build/html/_static/fonts/Lato-Bold.ttf | 2022-08-30 07:52:42 | 656544
/home/statauser/template/lib/gslab_make/test/raw/run_program/r_script space.R | 2022-08-30 07:52:44 | 100
/home/statauser/template/lib/gslab_make/docs/_static/css/fonts/Roboto-Slab-Bold.woff | 2022-08-30 07:52:37 | 87624
/home/statauser/template/lib/gslab_make/build/lib/gslab_make/tablefill.py | 2022-08-30 07:52:37 | 20325
/home/statauser/template/lib/gslab_make/docs/pages/api/modify_dir/gslab_make.modify_dir.unzip.html | 2022-08-30 07:52:40 | 6593
/home/statauser/template/lib/gslab_make/sphinx/build/html/_sources/pages/api/run_program/gslab_make.run_program.run_r.rst.txt | 2022-08-30 07:52:41 | 80
/home/statauser/template/lib/gslab_make/docs/_sources/pages/api/make_utility/gslab_make.make_utility.update_internal_paths.rst.txt | 2022-08-30 07:52:37 | 129
/home/statauser/template/lib/gslab_make/sphinx/source/pages/api/modify_dir/gslab_make.modify_dir.unzip.rst | 2022-08-30 07:52:43 | 79
/home/statauser/template/lib/gslab_make/docs/pages/api/move_sources/gslab_make.move_sources.copy_externals.html | 2022-08-30 07:52:40 | 12720
/home/statauser/template/lib/gslab_make/build/lib/gslab_make/write_logs.py | 2022-08-30 07:52:37 | 10665
/home/statauser/template/lib/gslab_make/sphinx/source/pages/api/run_program/gslab_make.run_program.run_jupyter.rst | 2022-08-30 07:52:43 | 98
/home/statauser/template/lib/gslab_make/sphinx/build/doctrees/pages/api/check_repo/gslab_make.check_repo.check_conda_status.doctree | 2022-08-30 07:52:40 | 6096
/home/statauser/template/lib/gslab_make/sphinx/source/pages/api/write_logs/gslab_make.write_logs.write_to_makelog.rst | 2022-08-30 07:52:43 | 112
/home/statauser/template/lib/gslab_make/test/raw/tablefill/tablefill_duplicated.txt | 2022-08-30 07:52:44 | 66
/home/statauser/template/lib/gslab_make/sphinx/build/html/_static/jquery-3.6.0.js | 2022-08-30 07:52:43 | 288580
/home/statauser/template/lib/gslab_make/docs/_static/fonts/Lato-Bold.ttf | 2022-08-30 07:52:38 | 656544
/home/statauser/template/lib/gslab_make/docs/pages/general_logging.html | 2022-08-30 07:52:40 | 14623
/home/statauser/template/lib/gslab_make/docs/_static/language_data.js | 2022-08-30 07:52:39 | 4758
/home/statauser/template/lib/gslab_make/build/lib/gslab_make/__init__.py | 2022-08-30 07:52:37 | 2685
/home/statauser/template/lib/gslab_make/test/raw/run_program/lyx_file_comments.lyx | 2022-08-30 07:52:44 | 1694
/home/statauser/template/lib/gslab_make/docs/_static/js/modernizr.min.js | 2022-08-30 07:52:39 | 15414
/home/statauser/template/lib/gslab_make/docs/pages/api/run_program/gslab_make.run_program.run_perl.html | 2022-08-30 07:52:40 | 11106
/home/statauser/template/lib/gslab_make/sphinx/build/html/_sources/pages/sourcing.rst.txt | 2022-08-30 07:52:41 | 548
/home/statauser/template/lib/gslab_make/docs/pages/api/check_repo/gslab_make.check_repo.check_module_size.html | 2022-08-30 07:52:39 | 8136
/home/statauser/template/lib/gslab_make/sphinx/build/html/_static/file.png | 2022-08-30 07:52:42 | 286
/home/statauser/template/lib/gslab_make/sphinx/source/pages/api/write_logs/gslab_make.write_logs.end_makelog.rst | 2022-08-30 07:52:43 | 97
/home/statauser/template/lib/gslab_make/docs/pages/api/tablefill/gslab_make.tablefill.tablefill.html | 2022-08-30 07:52:40 | 16420
/home/statauser/template/lib/gslab_make/sphinx/build/html/_static/fonts/Inconsolata.ttf | 2022-08-30 07:52:42 | 63184
/home/statauser/template/lib/gslab_make/sphinx/build/html/_static/css/fonts/fontawesome-webfont.woff2 | 2022-08-30 07:52:41 | 77160
/home/statauser/template/lib/gslab_make/docs/_static/underscore-1.13.1.js | 2022-08-30 07:52:39 | 68420
/home/statauser/template/lib/gslab_make/test/raw/run_program/perl_script_arg.pl | 2022-08-30 07:52:44 | 206
/home/statauser/template/lib/gslab_make/build/lib/test/WIP_test_latex.py | 2022-08-30 07:52:37 | 2298
/home/statauser/template/lib/gslab_make/sphinx/build/html/_sources/pages/specifying_paths.rst.txt | 2022-08-30 07:52:41 | 2616
/home/statauser/template/lib/gslab_make/sphinx/build/html/_static/fonts/RobotoSlab/roboto-slab-v7-regular.eot | 2022-08-30 07:52:42 | 78331
/home/statauser/template/lib/gslab_make/sphinx/source/pages/api/move_sources/gslab_make.move_sources.copy_externals.rst | 2022-08-30 07:52:43 | 108
/home/statauser/template/lib/gslab_make/sphinx/build/html/_sources/pages/api/write_logs/gslab_make.write_logs.log_files_in_output.rst.txt | 2022-08-30 07:52:41 | 121
/home/statauser/template/lib/gslab_make/sphinx/build/html/pages/api/write_logs/gslab_make.write_logs.end_makelog.html | 2022-08-30 07:52:43 | 7342
/home/statauser/template/lib/gslab_make/sphinx/build/doctrees/pages/api/make_utility/gslab_make.make_utility.update_executables.doctree | 2022-08-30 07:52:40 | 9768
/home/statauser/template/lib/gslab_make/test/raw/run_program/matlab_script_╬▓.m | 2022-08-30 07:52:44 | 91
/home/statauser/template/lib/gslab_make/sphinx/build/html/pages/api/run_program/gslab_make.run_program.run_matlab.html | 2022-08-30 07:52:43 | 11102
/home/statauser/template/lib/gslab_make/docs/_sources/pages/api/run_program/gslab_make.run_program.run_r.rst.txt | 2022-08-30 07:52:37 | 80
/home/statauser/template/lib/gslab_make/sphinx/build/html/pages/api/write_logs/gslab_make.write_logs.start_makelog.html | 2022-08-30 07:52:43 | 7506
/home/statauser/template/lib/gslab_make/docs/_static/css/fonts/fontawesome-webfont.woff2 | 2022-08-30 07:52:37 | 77160
/home/statauser/template/lib/gslab_make/gslab_make/__pycache__/tablefill.cpython-37.pyc | 2022-08-30 07:56:03 | 18397
/home/statauser/template/lib/gslab_make/sphinx/source/pages/api/run_program/gslab_make.run_program.run_module.rst | 2022-08-30 07:52:43 | 95
/home/statauser/template/lib/gslab_make/build/lib/gslab_make/textfill_info.py | 2022-08-30 07:52:37 | 6314
/home/statauser/template/lib/gslab_make/docs/_static/fonts/fontawesome-webfont.woff2 | 2022-08-30 07:52:38 | 77160
/home/statauser/template/lib/gslab_make/test/raw/run_program/lyx_file space.lyx | 2022-08-30 07:52:44 | 1608
/home/statauser/template/lib/gslab_make/docs/_static/fonts/Lato/lato-italic.ttf | 2022-08-30 07:52:38 | 639388
/home/statauser/template/lib/gslab_make/docs/_static/searchtools.js | 2022-08-30 07:52:39 | 17120
/home/statauser/template/lib/gslab_make/test/raw/move_sources/move space.txt | 2022-08-30 07:52:44 | 76
/home/statauser/template/lib/gslab_make/sphinx/build/html/pages/api/run_program/gslab_make.run_program.run_lyx.html | 2022-08-30 07:52:43 | 12004
/home/statauser/template/lib/gslab_make/sphinx/build/doctrees/pages/api/run_program/gslab_make.run_program.run_lyx.doctree | 2022-08-30 07:52:41 | 22079
/home/statauser/template/lib/gslab_make/sphinx/source/pages/repository.rst | 2022-08-30 07:52:43 | 363
/home/statauser/template/lib/gslab_make/sphinx/build/html/_static/fonts/Lato-Regular.ttf | 2022-08-30 07:52:42 | 656568
/home/statauser/template/lib/gslab_make/docs/_sources/pages/dummy.rst.txt | 2022-08-30 07:52:37 | 741
/home/statauser/template/lib/gslab_make/docs/_static/jquery-3.6.0.js | 2022-08-30 07:52:39 | 288580
/home/statauser/template/lib/gslab_make/sphinx/build/doctrees/pages/api/modify_dir/gslab_make.modify_dir.unzip.doctree | 2022-08-30 07:52:40 | 7085
/home/statauser/template/lib/gslab_make/sphinx/build/html/pages/api/run_program/gslab_make.run_program.run_jupyter.html | 2022-08-30 07:52:43 | 10603
/home/statauser/template/lib/gslab_make/docs/genindex.html | 2022-08-30 07:52:39 | 13012
/home/statauser/template/lib/gslab_make/test/raw/run_program/python_script_error.py | 2022-08-30 07:52:44 | 5
/home/statauser/template/lib/gslab_make/docs/_sources/pages/api/run_program/gslab_make.run_program.run_stat_transfer.rst.txt | 2022-08-30 07:52:37 | 116
/home/statauser/template/lib/gslab_make/build/lib/test/utility.py | 2022-08-30 07:52:37 | 1404
/home/statauser/template/lib/gslab_make/docs/_sources/pages/api/write_source_logs/gslab_make.write_source_logs.write_source_logs.rst.txt | 2022-08-30 07:52:37 | 122
/home/statauser/template/lib/gslab_make/sphinx/build/html/pages/api/run_program/gslab_make.run_program.run_latex.html | 2022-08-30 07:52:43 | 11553
/home/statauser/template/lib/gslab_make/test/test_make_utility.py | 2022-08-30 07:52:44 | 4867
/home/statauser/template/lib/gslab_make/docs/pages/specifying_paths.html | 2022-08-30 07:52:40 | 11742
/home/statauser/template/lib/gslab_make/sphinx/build/html/pages/api/run_program/gslab_make.run_program.run_stata.html | 2022-08-30 07:52:43 | 11383
/home/statauser/template/lib/gslab_make/gslab_make/__pycache__/check_repo.cpython-37.pyc | 2022-08-30 07:56:01 | 13817
/home/statauser/template/lib/gslab_make/docs/_static/fonts/RobotoSlab/roboto-slab-v7-bold.ttf | 2022-08-30 07:52:38 | 170616
/home/statauser/template/lib/gslab_make/docs/pages/api/run_program/gslab_make.run_program.execute_command.html | 2022-08-30 07:52:40 | 10991
/home/statauser/template/lib/gslab_make/sphinx/build/doctrees/pages/program.doctree | 2022-08-30 07:52:41 | 214592
/home/statauser/template/lib/gslab_make/sphinx/build/html/_sources/pages/api/run_program/gslab_make.run_program.run_sas.rst.txt | 2022-08-30 07:52:41 | 86
/home/statauser/template/lib/gslab_make/docs/pages/api/run_program/gslab_make.run_program.run_mathematica.html | 2022-08-30 07:52:40 | 11115
/home/statauser/template/lib/gslab_make/sphinx/build/html/_static/js/theme.js | 2022-08-30 07:52:43 | 5023
/home/statauser/template/lib/gslab_make/sphinx/build/html/_static/fonts/RobotoSlab/roboto-slab-v7-bold.ttf | 2022-08-30 07:52:42 | 170616
/home/statauser/template/lib/gslab_make/test/raw/tablefill/tablefill_template.lyx | 2022-08-30 07:52:44 | 4256
/home/statauser/template/lib/gslab_make/sphinx/build/doctrees/pages/api/modify_dir/gslab_make.modify_dir.remove_dir.doctree | 2022-08-30 07:52:40 | 10544
/home/statauser/template/lib/gslab_make/sphinx/build/doctrees/pages/api/write_logs/gslab_make.write_logs.log_files_in_output.doctree | 2022-08-30 07:52:41 | 17431
/home/statauser/template/lib/gslab_make/sphinx/source/pages/api/write_source_logs/gslab_make.write_source_logs.write_source_logs.rst | 2022-08-30 07:52:43 | 122
/home/statauser/template/lib/gslab_make/build/lib/gslab_make/write_source_logs.py | 2022-08-30 07:52:37 | 4866
/home/statauser/template/lib/gslab_make/test/raw/config/config_user.yaml | 2022-08-30 07:52:43 | 236
/home/statauser/template/lib/gslab_make/sphinx/build/html/_static/css/fonts/lato-bold.woff | 2022-08-30 07:52:41 | 309728
/home/statauser/template/lib/gslab_make/sphinx/source/pages/api/write_logs/gslab_make.write_logs.start_makelog.rst | 2022-08-30 07:52:43 | 103
/home/statauser/template/lib/gslab_make/gslab_make/private/__pycache__/utility.cpython-37.pyc | 2022-08-30 07:56:01 | 6432
/home/statauser/template/lib/gslab_make/sphinx/build/doctrees/pages/filling.doctree | 2022-08-30 07:52:41 | 28711
/home/statauser/template/lib/gslab_make/test/raw/log_outputs/recursion.txt | 2022-08-30 07:52:44 | 34
/home/statauser/template/lib/gslab_make/docs/_static/underscore-1.3.1.js | 2022-08-30 07:52:39 | 35168
/home/statauser/template/lib/gslab_make/setup.cfg | 2022-08-30 07:52:40 | 416
/home/statauser/template/lib/gslab_make/docs/pages/api/write_logs/gslab_make.write_logs.start_makelog.html | 2022-08-30 07:52:40 | 7506
/home/statauser/template/lib/gslab_make/test/EXCLUDE_test_lyx.py | 2022-08-30 07:52:43 | 10072
/home/statauser/template/lib/gslab_make/test/raw/move_sources/file_╬▓.txt | 2022-08-30 07:52:44 | 0
/home/statauser/template/lib/gslab_make/sphinx/source/pages/api/run_program/gslab_make.run_program.run_matlab.rst | 2022-08-30 07:52:43 | 95
/home/statauser/template/lib/gslab_make/docs/_static/css/badge_only.css | 2022-08-30 07:52:37 | 3275
/home/statauser/template/lib/gslab_make/test/raw/log_sources/dir_depth/dir_depth/depth_2.txt | 2022-08-30 07:52:44 | 20
/home/statauser/template/lib/gslab_make/test/raw/log_sources/dir/file.txt | 2022-08-30 07:52:44 | 20
/home/statauser/template/lib/gslab_make/build/lib/gslab_make/private/movedirective.py | 2022-08-30 07:52:37 | 12767
/home/statauser/template/lib/gslab_make/docs/_static/fonts/RobotoSlab/roboto-slab-v7-regular.woff2 | 2022-08-30 07:52:38 | 66444
/home/statauser/template/lib/gslab_make/sphinx/build/doctrees/pages/api/modify_dir/gslab_make.modify_dir.zip_dir.doctree | 2022-08-30 07:52:40 | 7048
/home/statauser/template/lib/gslab_make/docs/pages/api/modify_dir/gslab_make.modify_dir.clear_dir.html | 2022-08-30 07:52:40 | 7761
/home/statauser/template/lib/gslab_make/sphinx/build/html/_static/fonts/RobotoSlab-Bold.ttf | 2022-08-30 07:52:42 | 170616
/home/statauser/template/lib/gslab_make/sphinx/build/html/_static/css/fonts/fontawesome-webfont.svg | 2022-08-30 07:52:41 | 444379
/home/statauser/template/lib/gslab_make/build/lib/gslab_make/private/messages.py | 2022-08-30 07:52:37 | 5991
/home/statauser/template/lib/gslab_make/sphinx/source/pages/api/run_program/gslab_make.run_program.run_perl.rst | 2022-08-30 07:52:43 | 89
/home/statauser/template/lib/gslab_make/docs/_static/fonts/Lato/lato-regular.eot | 2022-08-30 07:52:38 | 253461
/home/statauser/template/lib/gslab_make/sphinx/build/doctrees/pages/api/run_program/gslab_make.run_program.run_jupyter.doctree | 2022-08-30 07:52:41 | 13905
/home/statauser/template/lib/gslab_make/sphinx/build/html/_static/documentation_options.js | 2022-08-30 07:52:42 | 420
/home/statauser/template/lib/gslab_make/docs/_sources/pages/source_logging.rst.txt | 2022-08-30 07:52:37 | 380
/home/statauser/template/lib/gslab_make/sphinx/build/html/_sources/pages/directory.rst.txt | 2022-08-30 07:52:41 | 344
/home/statauser/template/lib/gslab_make/test/raw/log_outputs/dir_╬▓/file_╬▓.txt | 2022-08-30 07:52:44 | 25
/home/statauser/template/lib/gslab_make/docs/_sources/pages/api/make_utility/gslab_make.make_utility.copy_output.rst.txt | 2022-08-30 07:52:37 | 99
/home/statauser/template/lib/gslab_make/docs/_sources/pages/api/move_sources/gslab_make.move_sources.copy_externals.rst.txt | 2022-08-30 07:52:37 | 108
/home/statauser/template/lib/gslab_make/sphinx/build/html/_sources/pages/filling.rst.txt | 2022-08-30 07:52:41 | 253
/home/statauser/template/lib/gslab_make/docs/_sources/pages/general_logging.rst.txt | 2022-08-30 07:52:37 | 655
/home/statauser/template/lib/gslab_make/docs/pages/program.html | 2022-08-30 07:52:40 | 61889
/home/statauser/template/lib/gslab_make/sphinx/build/html/_static/fonts/fontawesome-webfont.ttf | 2022-08-30 07:52:42 | 165548
/home/statauser/template/lib/gslab_make/sphinx/source/pages/api/make_utility/gslab_make.make_utility.update_paths.rst | 2022-08-30 07:52:43 | 102
/home/statauser/template/lib/gslab_make/docs/pages/filling.html | 2022-08-30 07:52:40 | 16651
/home/statauser/template/lib/gslab_make/docs/_static/fonts/fontawesome-webfont.svg | 2022-08-30 07:52:38 | 444379
/home/statauser/template/lib/gslab_make/sphinx/build/html/pages/api/move_sources/gslab_make.move_sources.copy_externals.html | 2022-08-30 07:52:43 | 12720
/home/statauser/template/lib/gslab_make/docs/_static/graphviz.css | 2022-08-30 07:52:38 | 299
/home/statauser/template/lib/gslab_make/sphinx/build/html/_sources/pages/api/move_sources/gslab_make.move_sources.copy_externals.rst.txt | 2022-08-30 07:52:41 | 108
/home/statauser/template/lib/gslab_make/docs/pages/api/modify_dir/gslab_make.modify_dir.zip_dir.html | 2022-08-30 07:52:40 | 6560
/home/statauser/template/lib/gslab_make/test/raw/tablefill/tablefill_no_tag.txt | 2022-08-30 07:52:44 | 56
/home/statauser/template/lib/gslab_make/sphinx/build/html/_static/plus.png | 2022-08-30 07:52:43 | 90
/home/statauser/template/lib/gslab_make/docs/_static/plus.png | 2022-08-30 07:52:39 | 90
/home/statauser/template/lib/gslab_make/test/raw/config/config_user_╬▓.yaml | 2022-08-30 07:52:44 | 236
/home/statauser/template/lib/gslab_make/sphinx/build/html/_static/fonts/Lato/lato-bold.eot | 2022-08-30 07:52:42 | 256056
/home/statauser/template/lib/gslab_make/docs/_static/css/fonts/lato-normal-italic.woff | 2022-08-30 07:52:37 | 328412
/home/statauser/template/lib/gslab_make/test/raw/run_program/stata_script space.do | 2022-08-30 07:52:44 | 108
/home/statauser/template/lib/gslab_make/gslab_make/__pycache__/modify_dir.cpython-37.pyc | 2022-08-30 07:56:01 | 6905
/home/statauser/template/lib/gslab_make/docs/_static/fonts/Lato/lato-bold.woff | 2022-08-30 07:52:38 | 309728
/home/statauser/template/lib/gslab_make/gslab_make/__pycache__/write_logs.cpython-37.pyc | 2022-08-30 07:56:01 | 8765
/home/statauser/template/lib/gslab_make/sphinx/build/doctrees/environment.pickle | 2022-08-30 07:52:40 | 72478
/home/statauser/template/lib/gslab_make/docs/_static/css/fonts/lato-bold-italic.woff2 | 2022-08-30 07:52:37 | 193308
/home/statauser/template/lib/gslab_make/sphinx/build/doctrees/pages/api/run_program/gslab_make.run_program.execute_command.doctree | 2022-08-30 07:52:41 | 15362
/home/statauser/template/lib/gslab_make/build/lib/gslab_make/private/programdirective.py | 2022-08-30 07:52:37 | 10360
/home/statauser/template/lib/gslab_make/sphinx/build/html/_static/language_data.js | 2022-08-30 07:52:43 | 4758
/home/statauser/template/lib/gslab_make/sphinx/build/html/_static/css/fonts/fontawesome-webfont.eot | 2022-08-30 07:52:41 | 165742
/home/statauser/template/lib/gslab_make/docs/_sources/pages/sourcing.rst.txt | 2022-08-30 07:52:37 | 548
/home/statauser/template/lib/gslab_make/docs/_static/fonts/Lato/lato-bolditalic.woff | 2022-08-30 07:52:38 | 323344
/home/statauser/template/lib/gslab_make/sphinx/build/html/_static/jquery-3.5.1.js | 2022-08-30 07:52:43 | 287630
/home/statauser/template/lib/gslab_make/build/lib/test/test_move_sources.py | 2022-08-30 07:52:37 | 7633
/home/statauser/template/lib/gslab_make/sphinx/build/html/_static/css/theme.css | 2022-08-30 07:52:42 | 129674
/home/statauser/template/lib/gslab_make/docs/_sources/pages/api/make_utility/gslab_make.make_utility.update_executables.rst.txt | 2022-08-30 07:52:37 | 120
/home/statauser/template/lib/gslab_make/docs/_static/fonts/Lato/lato-italic.woff | 2022-08-30 07:52:38 | 328412
/home/statauser/template/lib/gslab_make/test/utility.py | 2022-08-30 07:52:44 | 1404
/home/statauser/template/lib/gslab_make/test/raw/tablefill/tablefill space.txt | 2022-08-30 07:52:44 | 66
/home/statauser/template/lib/gslab_make/LICENSE.txt | 2022-08-30 07:52:37 | 1083
/home/statauser/template/lib/gslab_make/gslab_make/private/__pycache__/metadata.cpython-37.pyc | 2022-08-30 07:56:01 | 2017
/home/statauser/template/lib/gslab_make/docs/_sources/pages/api/tablefill/gslab_make.tablefill.tablefill.rst.txt | 2022-08-30 07:52:37 | 90
/home/statauser/template/lib/gslab_make/sphinx/build/html/pages/api/check_repo/gslab_make.check_repo.get_modified_sources.html | 2022-08-30 07:52:43 | 8467
/home/statauser/template/lib/gslab_make/docs/_static/fonts/Inconsolata.ttf | 2022-08-30 07:52:38 | 63184
/home/statauser/template/lib/gslab_make/docs/_static/js/badge_only.js | 2022-08-30 07:52:39 | 934
/home/statauser/template/lib/gslab_make/sphinx/build/html/_static/fonts/fontawesome-webfont.svg | 2022-08-30 07:52:42 | 444379
/home/statauser/template/lib/gslab_make/sphinx/source/pages/api/run_program/gslab_make.run_program.run_lyx.rst | 2022-08-30 07:52:43 | 86
/home/statauser/template/lib/gslab_make/sphinx/build/doctrees/pages/api/run_program/gslab_make.run_program.run_stata.doctree | 2022-08-30 07:52:41 | 19191
/home/statauser/template/lib/gslab_make/sphinx/build/html/_sources/index.rst.txt | 2022-08-30 07:52:41 | 1039
/home/statauser/template/lib/gslab_make/docs/_static/css/fonts/lato-normal.woff2 | 2022-08-30 07:52:38 | 182708
/home/statauser/template/lib/gslab_make/sphinx/build/html/_static/fonts/RobotoSlab/roboto-slab-v7-regular.ttf | 2022-08-30 07:52:42 | 169064
/home/statauser/template/lib/gslab_make/docs/_static/fonts/RobotoSlab/roboto-slab-v7-regular.ttf | 2022-08-30 07:52:38 | 169064
/home/statauser/template/lib/gslab_make/docs/_sources/pages/api/check_repo/gslab_make.check_repo.get_modified_sources.rst.txt | 2022-08-30 07:52:37 | 124
/home/statauser/template/lib/gslab_make/test/raw/log_sources/dir_╬▓/file_╬▓.txt | 2022-08-30 07:52:44 | 25
/home/statauser/template/lib/gslab_make/test/raw/run_program/stata_script.do | 2022-08-30 07:52:44 | 108
/home/statauser/template/lib/gslab_make/sphinx/build/doctrees/pages/api/write_logs/gslab_make.write_logs.write_to_makelog.doctree | 2022-08-30 07:52:41 | 7998
/home/statauser/template/lib/gslab_make/docs/_static/fonts/Lato/lato-regular.ttf | 2022-08-30 07:52:38 | 607720
/home/statauser/template/lib/gslab_make/sphinx/build/html/pages/directory.html | 2022-08-30 07:52:43 | 12642
/home/statauser/template/lib/gslab_make/sphinx/build/html/_sources/pages/api/run_program/gslab_make.run_program.run_jupyter.rst.txt | 2022-08-30 07:52:41 | 98
/home/statauser/template/lib/gslab_make/sphinx/source/pages/api/run_program/gslab_make.run_program.run_latex.rst | 2022-08-30 07:52:43 | 92
/home/statauser/template/lib/gslab_make/docs/_sources/pages/api/run_program/gslab_make.run_program.run_sas.rst.txt | 2022-08-30 07:52:37 | 86
/home/statauser/template/lib/gslab_make/build/lib/gslab_make/run_program.py | 2022-08-30 07:52:37 | 39416
/home/statauser/template/lib/gslab_make/sphinx/source/pages/general_logging.rst | 2022-08-30 07:52:43 | 655
/home/statauser/template/lib/gslab_make/docs/search.html | 2022-08-30 07:52:40 | 4679
/home/statauser/template/lib/gslab_make/build/lib/test/test_modify_dir.py | 2022-08-30 07:52:37 | 7852
/home/statauser/template/lib/gslab_make/docs/_static/css/fonts/lato-normal-italic.woff2 | 2022-08-30 07:52:37 | 195704
/home/statauser/template/lib/gslab_make/sphinx/source/pages/api/run_program/gslab_make.run_program.run_mathematica.rst | 2022-08-30 07:52:43 | 110
/home/statauser/template/lib/gslab_make/docs/_sources/pages/api/make_utility/gslab_make.make_utility.update_paths.rst.txt | 2022-08-30 07:52:37 | 102
/home/statauser/template/lib/gslab_make/build/lib/test/test_makelog.py | 2022-08-30 07:52:37 | 2622
/home/statauser/template/lib/gslab_make/gslab_make/write_source_logs.py | 2022-08-30 07:52:40 | 4866
/home/statauser/template/lib/gslab_make/sphinx/build/doctrees/pages/api/check_repo/gslab_make.check_repo.check_module_size.doctree | 2022-08-30 07:52:40 | 10601
/home/statauser/template/lib/gslab_make/docs/_sources/pages/api/check_repo/gslab_make.check_repo.check_conda_status.rst.txt | 2022-08-30 07:52:37 | 118
/home/statauser/template/lib/gslab_make/sphinx/build/html/_static/css/fonts/lato-normal-italic.woff2 | 2022-08-30 07:52:42 | 195704
/home/statauser/template/lib/gslab_make/sphinx/build/doctrees/pages/api/run_program/gslab_make.run_program.run_perl.doctree | 2022-08-30 07:52:41 | 18448
/home/statauser/template/lib/gslab_make/setup.py | 2022-08-30 07:52:40 | 738
/home/statauser/template/lib/gslab_make/sphinx/build/html/_sources/pages/api/run_program/gslab_make.run_program.run_lyx.rst.txt | 2022-08-30 07:52:41 | 86
/home/statauser/template/lib/gslab_make/docs/pages/api/check_repo/gslab_make.check_repo.check_conda_status.html | 2022-08-30 07:52:39 | 6903
/home/statauser/template/lib/gslab_make/sphinx/build/html/pages/api/make_utility/gslab_make.make_utility.update_paths.html | 2022-08-30 07:52:43 | 7320
/home/statauser/template/lib/gslab_make/sphinx/build/doctrees/pages/source_logging.doctree | 2022-08-30 07:52:41 | 20322
/home/statauser/template/lib/gslab_make/build/lib/gslab_make/tablefill_info.py | 2022-08-30 07:52:37 | 8432
/home/statauser/template/lib/gslab_make/test/raw/tablefill/tablefill_template_too_many_values.lyx | 2022-08-30 07:52:44 | 4701
/home/statauser/template/lib/gslab_make/docs/_sources/pages/api/modify_dir/gslab_make.modify_dir.zip_dir.rst.txt | 2022-08-30 07:52:37 | 85
/home/statauser/template/lib/gslab_make/build/lib/test/__init__.py | 2022-08-30 07:52:37 | 0
/home/statauser/template/lib/gslab_make/sphinx/build/html/genindex.html | 2022-08-30 07:52:43 | 13012
/home/statauser/template/lib/gslab_make/test/EXCLUDE_test_stata.py | 2022-08-30 07:52:43 | 8779
/home/statauser/template/lib/gslab_make/build/lib/test/test_make_utility.py | 2022-08-30 07:52:37 | 4867
/home/statauser/template/lib/gslab_make/docs/_sources/pages/api/run_program/gslab_make.run_program.execute_command.rst.txt | 2022-08-30 07:52:37 | 110
/home/statauser/template/lib/gslab_make/sphinx/build/html/_static/css/fonts/lato-normal.woff | 2022-08-30 07:52:42 | 309192
/home/statauser/template/lib/gslab_make/sphinx/build/html/_static/underscore-1.12.0.js | 2022-08-30 07:52:43 | 67692
/home/statauser/template/lib/gslab_make/test/raw/log_sources/move_╬▓.txt | 2022-08-30 07:52:44 | 67
/home/statauser/template/lib/gslab_make/sphinx/build/html/_static/css/fonts/fontawesome-webfont.ttf | 2022-08-30 07:52:41 | 165548
/home/statauser/template/lib/gslab_make/docs/_sources/pages/api/modify_dir/gslab_make.modify_dir.unzip.rst.txt | 2022-08-30 07:52:37 | 79
/home/statauser/template/lib/gslab_make/test/raw/run_program/wrong_extension.txt | 2022-08-30 07:52:44 | 0
/home/statauser/template/lib/gslab_make/docs/_sources/pages/program.rst.txt | 2022-08-30 07:52:37 | 2704
/home/statauser/template/lib/gslab_make/gslab_make/private/programdirective.py | 2022-08-30 07:52:40 | 10360
/home/statauser/template/lib/gslab_make/sphinx/source/pages/api/make_utility/gslab_make.make_utility.update_executables.rst | 2022-08-30 07:52:43 | 120
/home/statauser/template/lib/gslab_make/sphinx/build/html/_static/fonts/Lato/lato-bold.ttf | 2022-08-30 07:52:42 | 600856
/home/statauser/template/lib/gslab_make/sphinx/build/html/_static/doctools.js | 2022-08-30 07:52:42 | 8171
/home/statauser/template/lib/gslab_make/sphinx/build/html/_sources/pages/api/make_utility/gslab_make.make_utility.copy_output.rst.txt | 2022-08-30 07:52:41 | 99
/home/statauser/template/lib/gslab_make/sphinx/build/doctrees/pages/general_logging.doctree | 2022-08-30 07:52:41 | 35258
/home/statauser/template/lib/gslab_make/test/test_python.py | 2022-08-30 07:52:44 | 7833
/home/statauser/template/lib/gslab_make/docs/pages/api/move_sources/gslab_make.move_sources.copy_inputs.html | 2022-08-30 07:52:40 | 12730
/home/statauser/template/lib/gslab_make/sphinx/build/html/pages/api/write_logs/gslab_make.write_logs.log_files_in_output.html | 2022-08-30 07:52:43 | 10522
/home/statauser/template/lib/gslab_make/test/raw/log_sources/move_recursion.txt | 2022-08-30 07:52:44 | 34
/home/statauser/template/lib/gslab_make/sphinx/build/html/searchindex.js | 2022-08-30 07:52:43 | 28186
/home/statauser/template/lib/gslab_make/docs/_sources/pages/api/run_program/gslab_make.run_program.run_perl.rst.txt | 2022-08-30 07:52:37 | 89
/home/statauser/template/lib/gslab_make/sphinx/build/doctrees/pages/api/make_utility/gslab_make.make_utility.copy_output.doctree | 2022-08-30 07:52:40 | 7134
/home/statauser/template/lib/gslab_make/sphinx/build/html/_static/fonts/Lato/lato-bolditalic.woff | 2022-08-30 07:52:42 | 323344
/home/statauser/template/lib/gslab_make/sphinx/build/html/_sources/pages/api/move_sources/gslab_make.move_sources.copy_inputs.rst.txt | 2022-08-30 07:52:41 | 99
/home/statauser/template/lib/gslab_make/gslab_make/tablefill.py | 2022-08-30 07:52:40 | 20325
/home/statauser/template/lib/gslab_make/test/raw/tablefill/tablefill_template space.lyx | 2022-08-30 07:52:44 | 4256
/home/statauser/template/lib/gslab_make/sphinx/source/pages/dummy.rst | 2022-08-30 07:52:43 | 741
/home/statauser/template/lib/gslab_make/sphinx/build/html/_static/fonts/Lato/lato-bolditalic.eot | 2022-08-30 07:52:42 | 266158
/home/statauser/template/lib/gslab_make/test/raw/tablefill/tablefill_template.tex | 2022-08-30 07:52:44 | 942
/home/statauser/template/lib/gslab_make/sphinx/build/doctrees/pages/api/move_sources/gslab_make.move_sources.copy_inputs.doctree | 2022-08-30 07:52:41 | 20846
/home/statauser/template/lib/gslab_make/README.md | 2022-08-30 07:52:37 | 2006
/home/statauser/template/lib/gslab_make/docs/pages/api/run_program/gslab_make.run_program.run_stat_transfer.html | 2022-08-30 07:52:40 | 11224
/home/statauser/template/lib/gslab_make/build/lib/test/test_python.py | 2022-08-30 07:52:37 | 7833
/home/statauser/template/lib/gslab_make/docs/pages/api/run_program/gslab_make.run_program.run_r.html | 2022-08-30 07:52:40 | 11025
/home/statauser/template/lib/gslab_make/docs/_static/js/html5shiv.min.js | 2022-08-30 07:52:39 | 2734
/home/statauser/template/lib/gslab_make/sphinx/build/html/_sources/pages/source_logging.rst.txt | 2022-08-30 07:52:41 | 380
/home/statauser/template/lib/gslab_make/sphinx/source/pages/api/write_logs/gslab_make.write_logs.log_files_in_output.rst | 2022-08-30 07:52:43 | 121
/home/statauser/template/lib/gslab_make/sphinx/source/pages/api/run_program/gslab_make.run_program.run_sas.rst | 2022-08-30 07:52:43 | 86
/home/statauser/template/lib/gslab_make/sphinx/build/html/_static/fonts/Lato/lato-regular.eot | 2022-08-30 07:52:42 | 253461
/home/statauser/template/lib/gslab_make/sphinx/build/html/_sources/pages/api/modify_dir/gslab_make.modify_dir.remove_dir.rst.txt | 2022-08-30 07:52:41 | 94
/home/statauser/template/lib/gslab_make/sphinx/build/html/_static/css/fonts/fontawesome-webfont.woff | 2022-08-30 07:52:41 | 98024
/home/statauser/template/lib/gslab_make/docs/pages/api/write_logs/gslab_make.write_logs.write_to_makelog.html | 2022-08-30 07:52:40 | 7391
/home/statauser/template/lib/gslab_make/test/raw/move_sources/move_empty.txt | 2022-08-30 07:52:44 | 22
/home/statauser/template/lib/gslab_make/test/raw/tablefill/tablefill_template_╬▓.lyx | 2022-08-30 07:52:44 | 4263
/home/statauser/template/lib/gslab_make/build/lib/test/EXCLUDE_test_perl.py | 2022-08-30 07:52:37 | 9024
/home/statauser/template/lib/gslab_make/docs/_sources/pages/directory.rst.txt | 2022-08-30 07:52:37 | 344
/home/statauser/template/lib/gslab_make/sphinx/source/pages/api/modify_dir/gslab_make.modify_dir.remove_dir.rst | 2022-08-30 07:52:43 | 94
/home/statauser/template/lib/gslab_make/sphinx/build/html/_static/basic.css | 2022-08-30 07:52:41 | 14621
/home/statauser/template/lib/gslab_make/sphinx/build/html/_sources/pages/api/modify_dir/gslab_make.modify_dir.unzip.rst.txt | 2022-08-30 07:52:41 | 79
/home/statauser/template/lib/gslab_make/sphinx/build/html/_static/js/html5shiv-printshiv.min.js | 2022-08-30 07:52:43 | 4370
/home/statauser/template/lib/gslab_make/docs/_static/css/fonts/lato-normal.woff | 2022-08-30 07:52:38 | 309192
/home/statauser/template/lib/gslab_make/sphinx/build/doctrees/pages/api/write_logs/gslab_make.write_logs.end_makelog.doctree | 2022-08-30 07:52:41 | 7295
/home/statauser/template/lib/gslab_make/sphinx/source/pages/api/make_utility/gslab_make.make_utility.update_external_paths.rst | 2022-08-30 07:52:43 | 129
/home/statauser/template/lib/gslab_make/test/raw/log_sources/dir_depth/depth_1.txt | 2022-08-30 07:52:44 | 20
/home/statauser/template/lib/gslab_make/sphinx/build/html/_sources/pages/api/make_utility/gslab_make.make_utility.update_external_paths.rst.txt | 2022-08-30 07:52:41 | 129
/home/statauser/template/lib/gslab_make/sphinx/build/html/pages/dummy.html | 2022-08-30 07:52:43 | 18117
/home/statauser/template/lib/gslab_make/test/raw/run_program/python_script.py | 2022-08-30 07:52:44 | 169
/home/statauser/template/lib/gslab_make/sphinx/build/html/_sources/pages/repository.rst.txt | 2022-08-30 07:52:41 | 363
/home/statauser/template/lib/gslab_make/sphinx/source/pages/directory.rst | 2022-08-30 07:52:43 | 344
/home/statauser/template/lib/gslab_make/sphinx/build/doctrees/pages/api/check_repo/gslab_make.check_repo.get_modified_sources.doctree | 2022-08-30 07:52:40 | 12422
/home/statauser/template/lib/gslab_make/test/test_tablefill.py | 2022-08-30 07:52:44 | 4588
/home/statauser/template/lib/gslab_make/test/raw/run_program/r_script_error.R | 2022-08-30 07:52:44 | 5
/home/statauser/template/lib/gslab_make/docs/_static/css/fonts/lato-bold-italic.woff | 2022-08-30 07:52:37 | 323344
/home/statauser/template/lib/gslab_make/sphinx/build/html/pages/api/run_program/gslab_make.run_program.run_r.html | 2022-08-30 07:52:43 | 11025
/home/statauser/template/lib/gslab_make/docs/_static/underscore.js | 2022-08-30 07:52:39 | 19530
/home/statauser/template/lib/gslab_make/sphinx/build/html/_static/fonts/Lato/lato-bold.woff2 | 2022-08-30 07:52:42 | 184912
/home/statauser/template/lib/gslab_make/docs/pages/utility.html | 2022-08-30 07:52:40 | 11918
/home/statauser/template/lib/gslab_make/docs/objects.inv | 2022-08-30 07:52:39 | 1891
/home/statauser/template/lib/gslab_make/docs/_static/fonts/RobotoSlab/roboto-slab-v7-bold.eot | 2022-08-30 07:52:38 | 79520
/home/statauser/template/lib/gslab_make/sphinx/Makefile | 2022-08-30 07:52:40 | 683
/home/statauser/template/lib/gslab_make/docs/_static/fonts/Lato/lato-bold.ttf | 2022-08-30 07:52:38 | 600856
/home/statauser/template/lib/gslab_make/docs/_sources/pages/api/modify_dir/gslab_make.modify_dir.remove_dir.rst.txt | 2022-08-30 07:52:37 | 94
/home/statauser/template/lib/gslab_make/docs/_sources/pages/api/write_logs/gslab_make.write_logs.write_to_makelog.rst.txt | 2022-08-30 07:52:37 | 112
/home/statauser/template/lib/gslab_make/docs/_sources/pages/api/run_program/gslab_make.run_program.run_matlab.rst.txt | 2022-08-30 07:52:37 | 95
/home/statauser/template/lib/gslab_make/sphinx/build/doctrees/pages/api/modify_dir/gslab_make.modify_dir.clear_dir.doctree | 2022-08-30 07:52:40 | 9299
/home/statauser/template/lib/gslab_make/sphinx/build/html/_sources/pages/api/run_program/gslab_make.run_program.run_stata.rst.txt | 2022-08-30 07:52:41 | 92
/home/statauser/template/lib/gslab_make/gslab_make/__pycache__/write_source_logs.cpython-37.pyc | 2022-08-30 07:56:03 | 4603
/home/statauser/template/lib/gslab_make/test/raw/log_sources/move_depth.txt | 2022-08-30 07:52:44 | 65
/home/statauser/template/lib/gslab_make/sphinx/build/html/_static/underscore-1.3.1.js | 2022-08-30 07:52:43 | 35168
/home/statauser/template/lib/gslab_make/test/raw/log_outputs/dir space/file space.txt | 2022-08-30 07:52:44 | 20
/home/statauser/template/lib/gslab_make/sphinx/build/html/pages/api/run_program/gslab_make.run_program.run_perl.html | 2022-08-30 07:52:43 | 11106
/home/statauser/template/lib/gslab_make/docs/_static/file.png | 2022-08-30 07:52:38 | 286
/home/statauser/template/lib/gslab_make/test/__init__.py | 2022-08-30 07:52:43 | 0
/home/statauser/template/lib/gslab_make/gslab_make/private/movedirective.py | 2022-08-30 07:52:40 | 12767
/home/statauser/template/lib/gslab_make/docs/_static/fonts/Lato/lato-bold.eot | 2022-08-30 07:52:38 | 256056
/home/statauser/template/lib/gslab_make/sphinx/build/html/_static/pygments.css | 2022-08-30 07:52:43 | 4819
/home/statauser/template/lib/gslab_make/docs/pages/api/run_program/gslab_make.run_program.run_jupyter.html | 2022-08-30 07:52:40 | 10603
/home/statauser/template/lib/gslab_make/test/raw/run_program/lyx_file.lyx | 2022-08-30 07:52:44 | 1608
/home/statauser/template/lib/gslab_make/sphinx/build/html/pages/sourcing.html | 2022-08-30 07:52:43 | 32970
/home/statauser/template/lib/gslab_make/docs/_static/css/fonts/lato-bold.woff2 | 2022-08-30 07:52:37 | 184912
/home/statauser/template/lib/gslab_make/docs/_static/fonts/Inconsolata-Bold.ttf | 2022-08-30 07:52:38 | 109948
/home/statauser/template/lib/gslab_make/test/test_log_sources.py | 2022-08-30 07:52:44 | 5021
/home/statauser/template/lib/gslab_make/docs/_static/fonts/Lato-Regular.ttf | 2022-08-30 07:52:38 | 656568
/home/statauser/template/lib/gslab_make/sphinx/build/html/_sources/pages/api/run_program/gslab_make.run_program.run_latex.rst.txt | 2022-08-30 07:52:41 | 92
/home/statauser/template/lib/gslab_make/test/raw/move_sources/move_bad_wildcard.txt | 2022-08-30 07:52:44 | 112
/home/statauser/template/lib/gslab_make/docs/_sources/pages/specifying_paths.rst.txt | 2022-08-30 07:52:37 | 2616
/home/statauser/template/lib/gslab_make/docs/_sources/pages/api/write_logs/gslab_make.write_logs.end_makelog.rst.txt | 2022-08-30 07:52:37 | 97
/home/statauser/template/lib/gslab_make/test/raw/move_sources/move_file.txt | 2022-08-30 07:52:44 | 64
/home/statauser/template/lib/gslab_make/build/lib/gslab_make/make_utility.py | 2022-08-30 07:52:37 | 5785
/home/statauser/template/lib/gslab_make/test/raw/log_outputs/dir_depth/dir_depth/depth_2.txt | 2022-08-30 07:52:44 | 20
/home/statauser/template/lib/gslab_make/sphinx/build/html/pages/program.html | 2022-08-30 07:52:43 | 61889
/home/statauser/template/lib/gslab_make/test/raw/run_program/python_script space.py | 2022-08-30 07:52:44 | 169
/home/statauser/template/lib/gslab_make/sphinx/source/conf.py | 2022-08-30 07:52:43 | 1537
/home/statauser/template/lib/gslab_make/sphinx/build/doctrees/pages/specifying_paths.doctree | 2022-08-30 07:52:41 | 17011
/home/statauser/template/lib/gslab_make/docs/pages/api/write_logs/gslab_make.write_logs.log_files_in_output.html | 2022-08-30 07:52:40 | 10522
/home/statauser/template/lib/gslab_make/gslab_make/tablefill_info.py | 2022-08-30 07:52:40 | 8432
/home/statauser/template/lib/gslab_make/docs/pages/api/run_program/gslab_make.run_program.run_module.html | 2022-08-30 07:52:40 | 10126
/home/statauser/template/lib/gslab_make/sphinx/build/html/_static/fonts/RobotoSlab/roboto-slab-v7-bold.woff2 | 2022-08-30 07:52:42 | 67312
/home/statauser/template/lib/gslab_make/build/lib/test/EXCLUDE_test_stata.py | 2022-08-30 07:52:37 | 8779
/home/statauser/template/lib/gslab_make/sphinx/build/html/search.html | 2022-08-30 07:52:43 | 4679
/home/statauser/template/lib/gslab_make/sphinx/build/html/_static/fonts/RobotoSlab/roboto-slab-v7-regular.woff | 2022-08-30 07:52:42 | 86288
/home/statauser/template/lib/gslab_make/docs/pages/source_logging.html | 2022-08-30 07:52:40 | 10550
/home/statauser/template/lib/gslab_make/test/raw/run_program/matlab_script_error.m | 2022-08-30 07:52:44 | 5
/home/statauser/template/lib/gslab_make/docs/_static/fonts/fontawesome-webfont.eot | 2022-08-30 07:52:38 | 165742
/home/statauser/template/lib/gslab_make/sphinx/build/html/_static/fonts/Lato/lato-bold.woff | 2022-08-30 07:52:42 | 309728
/home/statauser/template/lib/gslab_make/build/lib/gslab_make/move_sources.py | 2022-08-30 07:52:37 | 19397
/home/statauser/template/lib/gslab_make/test/WIP_test_latex.py | 2022-08-30 07:52:43 | 2298
/home/statauser/template/lib/gslab_make/test/raw/config/config_user_empty.yaml | 2022-08-30 07:52:44 | 96
/home/statauser/template/lib/gslab_make/docs/_static/jquery-3.2.1.js | 2022-08-30 07:52:39 | 268039
/home/statauser/template/lib/gslab_make/docs/pages/repository.html | 2022-08-30 07:52:40 | 11136
/home/statauser/template/lib/gslab_make/sphinx/build/html/pages/api/make_utility/gslab_make.make_utility.update_executables.html | 2022-08-30 07:52:43 | 8060
/home/statauser/template/lib/gslab_make/docs/pages/api/move_sources/gslab_make.move_sources.link_inputs.html | 2022-08-30 07:52:40 | 12909
/home/statauser/template/lib/gslab_make/sphinx/build/html/pages/api/run_program/gslab_make.run_program.run_python.html | 2022-08-30 07:52:43 | 11096
/home/statauser/template/lib/gslab_make/sphinx/build/doctrees/pages/utility.doctree | 2022-08-30 07:52:41 | 27978
/home/statauser/template/lib/gslab_make/sphinx/build/html/pages/api/move_sources/gslab_make.move_sources.copy_inputs.html | 2022-08-30 07:52:43 | 12730
/home/statauser/template/lib/gslab_make/gslab_make/private/metadata.py | 2022-08-30 07:52:40 | 3937
/home/statauser/template/lib/gslab_make/sphinx/build/html/_static/underscore-1.13.1.js | 2022-08-30 07:52:43 | 68420
/home/statauser/template/lib/gslab_make/test/raw/run_program/r_script.R | 2022-08-30 07:52:44 | 100
/home/statauser/template/lib/gslab_make/sphinx/build/html/_sources/pages/api/make_utility/gslab_make.make_utility.update_executables.rst.txt | 2022-08-30 07:52:41 | 120
/home/statauser/template/lib/gslab_make/build/lib/gslab_make/private/__init__.py | 2022-08-30 07:52:37 | 0
/home/statauser/template/lib/gslab_make/sphinx/build/html/_static/css/badge_only.css | 2022-08-30 07:52:41 | 3275
/home/statauser/template/lib/gslab_make/sphinx/source/pages/sourcing.rst | 2022-08-30 07:52:43 | 548
/home/statauser/template/lib/gslab_make/sphinx/build/html/_static/minus.png | 2022-08-30 07:52:43 | 90
/home/statauser/template/lib/gslab_make/sphinx/build/html/pages/api/make_utility/gslab_make.make_utility.copy_output.html | 2022-08-30 07:52:43 | 7364
/home/statauser/template/lib/gslab_make/docs/_static/fonts/Lato/lato-bolditalic.eot | 2022-08-30 07:52:38 | 266158
/home/statauser/template/lib/gslab_make/docs/searchindex.js | 2022-08-30 07:52:40 | 28186
/home/statauser/template/lib/gslab_make/sphinx/build/html/_static/fonts/Lato/lato-regular.ttf | 2022-08-30 07:52:42 | 607720
/home/statauser/template/lib/gslab_make/test/raw/run_program/perl_script_╬▓.pl | 2022-08-30 07:52:44 | 215
/home/statauser/template/lib/gslab_make/sphinx/build/html/pages/api/modify_dir/gslab_make.modify_dir.unzip.html | 2022-08-30 07:52:43 | 6593
/home/statauser/template/lib/gslab_make/sphinx/build/html/_sources/pages/api/run_program/gslab_make.run_program.execute_command.rst.txt | 2022-08-30 07:52:41 | 110
/home/statauser/template/lib/gslab_make/gslab_make/private/__pycache__/messages.cpython-37.pyc | 2022-08-30 07:56:01 | 5511
/home/statauser/template/lib/gslab_make/docs/_static/documentation_options.js | 2022-08-30 07:52:38 | 420
/home/statauser/template/lib/gslab_make/gslab_make/private/exceptionclasses.py | 2022-08-30 07:52:40 | 943
/home/statauser/template/lib/gslab_make/sphinx/source/pages/program.rst | 2022-08-30 07:52:43 | 2704
/home/statauser/template/lib/gslab_make/test/raw/tablefill/tablefill_template_not_enough_values.lyx | 2022-08-30 07:52:44 | 3823
/home/statauser/template/lib/gslab_make/docs/_static/css/fonts/fontawesome-webfont.eot | 2022-08-30 07:52:37 | 165742
/home/statauser/template/lib/gslab_make/sphinx/build/html/_sources/pages/api/check_repo/gslab_make.check_repo.check_conda_status.rst.txt | 2022-08-30 07:52:41 | 118
/home/statauser/template/lib/gslab_make/sphinx/source/pages/api/move_sources/gslab_make.move_sources.link_externals.rst | 2022-08-30 07:52:43 | 108
/home/statauser/template/lib/gslab_make/gslab_make/private/__pycache__/programdirective.cpython-37.pyc | 2022-08-30 07:56:03 | 9930
/home/statauser/template/lib/gslab_make/sphinx/build/html/pages/api/make_utility/gslab_make.make_utility.update_external_paths.html | 2022-08-30 07:52:43 | 8194
/home/statauser/template/lib/gslab_make/test/test_modify_dir.py | 2022-08-30 07:52:44 | 7852
/home/statauser/template/lib/gslab_make/sphinx/source/pages/api/check_repo/gslab_make.check_repo.check_conda_status.rst | 2022-08-30 07:52:43 | 118
/home/statauser/template/lib/gslab_make/sphinx/build/html/_sources/pages/api/check_repo/gslab_make.check_repo.get_modified_sources.rst.txt | 2022-08-30 07:52:41 | 124
/home/statauser/template/lib/gslab_make/CODE_OF_CONDUCT.md | 2022-08-30 07:52:37 | 3353
/home/statauser/template/lib/gslab_make/sphinx/build/html/_static/fonts/fontawesome-webfont.woff2 | 2022-08-30 07:52:42 | 77160
/home/statauser/template/lib/gslab_make/sphinx/build/html/pages/api/move_sources/gslab_make.move_sources.link_inputs.html | 2022-08-30 07:52:43 | 12909
/home/statauser/template/lib/gslab_make/docs/_sources/pages/api/move_sources/gslab_make.move_sources.copy_inputs.rst.txt | 2022-08-30 07:52:37 | 99
/home/statauser/template/lib/gslab_make/docs/pages/api/move_sources/gslab_make.move_sources.link_externals.html | 2022-08-30 07:52:40 | 12943
/home/statauser/template/lib/gslab_make/test/raw/move_sources/move_bad_key.txt | 2022-08-30 07:52:44 | 48
/home/statauser/template/lib/gslab_make/sphinx/build/html/_sources/pages/api/make_utility/gslab_make.make_utility.update_paths.rst.txt | 2022-08-30 07:52:41 | 102
/home/statauser/template/lib/gslab_make/test/raw/run_program/lyx_file_error.lyx | 2022-08-30 07:52:44 | 5
/home/statauser/template/lib/gslab_make/gslab_make/modify_dir.py | 2022-08-30 07:52:40 | 7384
/home/statauser/template/lib/gslab_make/docs/_static/fonts/Lato/lato-italic.woff2 | 2022-08-30 07:52:38 | 195704
/home/statauser/template/lib/gslab_make/gslab_make/check_repo.py | 2022-08-30 07:52:40 | 14471
/home/statauser/template/lib/gslab_make/docs/_static/fonts/Lato/lato-regular.woff2 | 2022-08-30 07:52:38 | 182708
/home/statauser/template/lib/gslab_make/build/lib/test/test_log_sources.py | 2022-08-30 07:52:37 | 5021
/home/statauser/template/lib/gslab_make/sphinx/build/html/pages/api/make_utility/gslab_make.make_utility.update_internal_paths.html | 2022-08-30 07:52:43 | 7751
/home/statauser/template/lib/gslab_make/docs/_static/css/fonts/lato-bold.woff | 2022-08-30 07:52:37 | 309728
/home/statauser/template/lib/gslab_make/sphinx/build/html/_sources/pages/api/modify_dir/gslab_make.modify_dir.zip_dir.rst.txt | 2022-08-30 07:52:41 | 85
/home/statauser/template/lib/gslab_make/sphinx/build/doctrees/pages/repository.doctree | 2022-08-30 07:52:41 | 24734
/home/statauser/template/lib/gslab_make/sphinx/build/html/_static/fonts/Lato/lato-italic.woff | 2022-08-30 07:52:42 | 328412
/home/statauser/template/lib/gslab_make/test/raw/tablefill/tablefill.txt | 2022-08-30 07:52:44 | 66
/home/statauser/template/lib/gslab_make/docs/_static/css/fonts/fontawesome-webfont.svg | 2022-08-30 07:52:37 | 444379
/home/statauser/template/lib/gslab_make/sphinx/build/html/_static/jquery.js | 2022-08-30 07:52:43 | 89501
/home/statauser/template/lib/gslab_make/sphinx/build/html/_sources/pages/api/make_utility/gslab_make.make_utility.update_internal_paths.rst.txt | 2022-08-30 07:52:41 | 129
/home/statauser/template/lib/gslab_make/test/raw/run_program/lyx_file_╬▓.lyx | 2022-08-30 07:52:44 | 1608
/home/statauser/template/lib/gslab_make/test/raw/run_program/r_script_╬▓.R | 2022-08-30 07:52:44 | 107
/home/statauser/template/lib/gslab_make/sphinx/build/html/_static/fonts/Lato/lato-bolditalic.woff2 | 2022-08-30 07:52:42 | 193308
/home/statauser/template/lib/gslab_make/gslab_make/__pycache__/move_sources.cpython-37.pyc | 2022-08-30 07:56:01 | 18483
/home/statauser/template/lib/gslab_make/test/raw/run_program/python_script_arg.py | 2022-08-30 07:52:44 | 180
/home/statauser/template/lib/gslab_make/sphinx/build/html/_static/underscore.js | 2022-08-30 07:52:43 | 19530
/home/statauser/template/lib/gslab_make/sphinx/source/pages/api/modify_dir/gslab_make.modify_dir.zip_dir.rst | 2022-08-30 07:52:43 | 85
/home/statauser/template/lib/gslab_make/build/lib/gslab_make/private/exceptionclasses.py | 2022-08-30 07:52:37 | 943
/home/statauser/template/lib/gslab_make/test/raw/log_outputs/dir_depth/depth_1.txt | 2022-08-30 07:52:44 | 20
/home/statauser/template/lib/gslab_make/test/test_move_sources.py | 2022-08-30 07:52:44 | 7633
/home/statauser/template/lib/gslab_make/test/raw/move_sources/move_╬▓.txt | 2022-08-30 07:52:44 | 78
/home/statauser/template/lib/gslab_make/test/raw/move_sources/move_wildcard.txt | 2022-08-30 07:52:44 | 66
/home/statauser/template/lib/gslab_make/test/raw/log_sources/move.txt | 2022-08-30 07:52:44 | 53
/home/statauser/template/lib/gslab_make/sphinx/build/html/pages/api/write_source_logs/gslab_make.write_source_logs.write_source_logs.html | 2022-08-30 07:52:43 | 10499
/home/statauser/template/lib/gslab_make/sphinx/build/html/_sources/pages/api/run_program/gslab_make.run_program.run_perl.rst.txt | 2022-08-30 07:52:41 | 89
/home/statauser/template/lib/gslab_make/sphinx/source/pages/api/move_sources/gslab_make.move_sources.copy_inputs.rst | 2022-08-30 07:52:43 | 99
/home/statauser/template/lib/gslab_make/sphinx/build/html/_static/css/fonts/lato-bold-italic.woff | 2022-08-30 07:52:41 | 323344
/home/statauser/template/lib/gslab_make/sphinx/build/html/_static/fonts/fontawesome-webfont.eot | 2022-08-30 07:52:42 | 165742
/home/statauser/template/lib/gslab_make/sphinx/build/html/index.html | 2022-08-30 07:52:43 | 7435
/home/statauser/template/lib/gslab_make/sphinx/build/doctrees/pages/api/tablefill/gslab_make.tablefill.tablefill.doctree | 2022-08-30 07:52:41 | 27797
/home/statauser/template/lib/gslab_make/sphinx/build/html/_sources/pages/api/check_repo/gslab_make.check_repo.check_module_size.rst.txt | 2022-08-30 07:52:41 | 115
/home/statauser/template/lib/gslab_make/gslab_make/private/__pycache__/__init__.cpython-37.pyc | 2022-08-30 07:56:01 | 135
/home/statauser/template/lib/gslab_make/sphinx/source/pages/api/check_repo/gslab_make.check_repo.get_modified_sources.rst | 2022-08-30 07:52:43 | 124
/home/statauser/template/lib/gslab_make/gslab_make/private/__pycache__/movedirective.cpython-37.pyc | 2022-08-30 07:56:01 | 12315
/home/statauser/template/lib/gslab_make/sphinx/build/html/_sources/pages/api/run_program/gslab_make.run_program.run_python.rst.txt | 2022-08-30 07:52:41 | 95
/home/statauser/template/lib/gslab_make/sphinx/build/html/pages/api/check_repo/gslab_make.check_repo.check_conda_status.html | 2022-08-30 07:52:43 | 6903
/home/statauser/template/lib/gslab_make/sphinx/build/html/_static/fonts/RobotoSlab/roboto-slab-v7-bold.woff | 2022-08-30 07:52:42 | 87624
/home/statauser/template/lib/gslab_make/sphinx/build/html/_static/fonts/RobotoSlab/roboto-slab-v7-regular.woff2 | 2022-08-30 07:52:42 | 66444
/home/statauser/template/lib/gslab_make/sphinx/source/pages/filling.rst | 2022-08-30 07:52:43 | 253
/home/statauser/template/lib/gslab_make/sphinx/source/pages/api/run_program/gslab_make.run_program.run_r.rst | 2022-08-30 07:52:43 | 80
/home/statauser/template/lib/gslab_make/test/raw/run_program/python_script_é.py | 2022-08-30 07:52:44 | 169
/home/statauser/template/lib/gslab_make/docs/_sources/pages/api/run_program/gslab_make.run_program.run_jupyter.rst.txt | 2022-08-30 07:52:37 | 98
/home/statauser/template/lib/gslab_make/docs/pages/api/make_utility/gslab_make.make_utility.copy_output.html | 2022-08-30 07:52:40 | 7364
/home/statauser/template/lib/gslab_make/sphinx/build/html/_sources/pages/general_logging.rst.txt | 2022-08-30 07:52:41 | 655
/home/statauser/template/lib/gslab_make/sphinx/build/html/pages/api/modify_dir/gslab_make.modify_dir.clear_dir.html | 2022-08-30 07:52:43 | 7761
/home/statauser/template/lib/gslab_make/docs/index.html | 2022-08-30 07:52:39 | 7435
/home/statauser/template/lib/gslab_make/docs/_static/minus.png | 2022-08-30 07:52:39 | 90
/home/statauser/template/lib/gslab_make/docs/_sources/index.rst.txt | 2022-08-30 07:52:37 | 1039
/home/statauser/template/lib/gslab_make/sphinx/build/doctrees/pages/api/move_sources/gslab_make.move_sources.link_externals.doctree | 2022-08-30 07:52:41 | 21392
/home/statauser/template/lib/gslab_make/sphinx/build/doctrees/pages/api/run_program/gslab_make.run_program.run_r.doctree | 2022-08-30 07:52:41 | 18272
/home/statauser/template/lib/gslab_make/test/raw/run_program/python_script_╬▓.py | 2022-08-30 07:52:44 | 169
/home/statauser/template/lib/gslab_make/docs/pages/api/run_program/gslab_make.run_program.run_stata.html | 2022-08-30 07:52:40 | 11383
/home/statauser/template/lib/gslab_make/sphinx/build/doctrees/pages/api/run_program/gslab_make.run_program.run_mathematica.doctree | 2022-08-30 07:52:41 | 18442
/home/statauser/template/lib/gslab_make/docs/pages/api/modify_dir/gslab_make.modify_dir.remove_dir.html | 2022-08-30 07:52:40 | 7960
/home/statauser/template/lib/gslab_make/test/raw/tablefill/tablefill_template_missing_input.lyx | 2022-08-30 07:52:44 | 4264
/home/statauser/template/lib/gslab_make/docs/pages/api/run_program/gslab_make.run_program.run_matlab.html | 2022-08-30 07:52:40 | 11102
/home/statauser/template/lib/gslab_make/docs/_sources/pages/filling.rst.txt | 2022-08-30 07:52:37 | 253
/home/statauser/template/lib/gslab_make/sphinx/build/html/pages/api/modify_dir/gslab_make.modify_dir.remove_dir.html | 2022-08-30 07:52:43 | 7960
/home/statauser/template/lib/gslab_make/sphinx/build/html/_static/searchtools.js | 2022-08-30 07:52:43 | 17120
/home/statauser/template/lib/gslab_make/test/raw/run_program/perl_script_error.pl | 2022-08-30 07:52:44 | 5
/home/statauser/template/lib/gslab_make/sphinx/build/html/_static/css/fonts/lato-normal-italic.woff | 2022-08-30 07:52:41 | 328412
/home/statauser/template/lib/gslab_make/docs/_sources/pages/api/run_program/gslab_make.run_program.run_latex.rst.txt | 2022-08-30 07:52:37 | 92
/home/statauser/template/lib/gslab_make/sphinx/build/html/pages/api/run_program/gslab_make.run_program.run_mathematica.html | 2022-08-30 07:52:43 | 11115
/home/statauser/template/lib/gslab_make/gslab_make/private/subprocess_fix.py | 2022-08-30 07:52:40 | 5428
/home/statauser/template/lib/gslab_make/sphinx/build/doctrees/pages/api/move_sources/gslab_make.move_sources.copy_externals.doctree | 2022-08-30 07:52:40 | 20939
/home/statauser/template/lib/gslab_make/sphinx/build/html/_sources/pages/api/write_logs/gslab_make.write_logs.write_to_makelog.rst.txt | 2022-08-30 07:52:41 | 112
/home/statauser/template/lib/gslab_make/test/raw/move_sources/file space.txt | 2022-08-30 07:52:44 | 0
/home/statauser/template/lib/gslab_make/sphinx/build/html/_sources/pages/utility.rst.txt | 2022-08-30 07:52:41 | 327
/home/statauser/template/lib/gslab_make/sphinx/build/doctrees/pages/sourcing.doctree | 2022-08-30 07:52:41 | 78753
/home/statauser/template/lib/gslab_make/test/raw/run_program/stata_script_╬▓.do | 2022-08-30 07:52:44 | 115
/home/statauser/template/lib/gslab_make/sphinx/build/html/pages/api/tablefill/gslab_make.tablefill.tablefill.html | 2022-08-30 07:52:43 | 16420
/home/statauser/template/lib/gslab_make/test/raw/run_program/lyx_file_comments_comments.lyx.bak | 2022-08-30 07:52:44 | 1694
/home/statauser/template/lib/gslab_make/sphinx/build/html/_sources/pages/api/modify_dir/gslab_make.modify_dir.clear_dir.rst.txt | 2022-08-30 07:52:41 | 91
/home/statauser/template/lib/gslab_make/sphinx/build/html/_static/js/modernizr.min.js | 2022-08-30 07:52:43 | 15414
/home/statauser/template/lib/gslab_make/docs/_static/pygments.css | 2022-08-30 07:52:39 | 4819
/home/statauser/template/lib/gslab_make/test/raw/log_outputs/dir/file.txt | 2022-08-30 07:52:44 | 20
/home/statauser/template/lib/gslab_make/test/raw/config/config.yaml | 2022-08-30 07:52:43 | 1004
/home/statauser/template/lib/gslab_make/build/lib/test/EXCLUDE_test_lyx.py | 2022-08-30 07:52:37 | 10072
/home/statauser/template/lib/gslab_make/sphinx/build/doctrees/pages/directory.doctree | 2022-08-30 07:52:41 | 27031
/home/statauser/template/lib/gslab_make/docs/pages/api/make_utility/gslab_make.make_utility.update_internal_paths.html | 2022-08-30 07:52:40 | 7751
/home/statauser/template/lib/gslab_make/docs/pages/directory.html | 2022-08-30 07:52:40 | 12642
/home/statauser/template/lib/gslab_make/docs/pages/api/run_program/gslab_make.run_program.run_sas.html | 2022-08-30 07:52:40 | 11516
/home/statauser/template/lib/gslab_make/docs/_static/js/html5shiv-printshiv.min.js | 2022-08-30 07:52:39 | 4370
/home/statauser/template/lib/gslab_make/test/raw/move_sources/move_dir.txt | 2022-08-30 07:52:44 | 54
/home/statauser/template/lib/gslab_make/sphinx/build/html/pages/specifying_paths.html | 2022-08-30 07:52:43 | 11742
/home/statauser/template/lib/gslab_make/gslab_make/private/__pycache__/exceptionclasses.cpython-37.pyc | 2022-08-30 07:56:01 | 1420
/home/statauser/template/lib/gslab_make/gslab_make/write_logs.py | 2022-08-30 07:52:40 | 10665
/home/statauser/template/lib/gslab_make/sphinx/source/pages/api/check_repo/gslab_make.check_repo.check_module_size.rst | 2022-08-30 07:52:43 | 115
/home/statauser/template/lib/gslab_make/sphinx/source/pages/api/make_utility/gslab_make.make_utility.update_internal_paths.rst | 2022-08-30 07:52:43 | 129
/home/statauser/template/lib/gslab_make/sphinx/build/html/_static/fonts/Lato/lato-bolditalic.ttf | 2022-08-30 07:52:42 | 622572
/home/statauser/template/lib/gslab_make/docs/_static/_sphinx_javascript_frameworks_compat.js | 2022-08-30 07:52:37 | 4418
/home/statauser/template/lib/gslab_make/docs/_static/fonts/Lato/lato-bold.woff2 | 2022-08-30 07:52:38 | 184912
/home/statauser/template/lib/gslab_make/gslab_make/make_utility.py | 2022-08-30 07:52:40 | 5785
/home/statauser/template/lib/gslab_make/docs/_static/fonts/RobotoSlab-Regular.ttf | 2022-08-30 07:52:38 | 169064
/home/statauser/template/lib/gslab_make/docs/_static/fonts/RobotoSlab/roboto-slab-v7-bold.woff | 2022-08-30 07:52:38 | 87624
/home/statauser/template/lib/gslab_make/sphinx/source/pages/api/run_program/gslab_make.run_program.execute_command.rst | 2022-08-30 07:52:43 | 110
/home/statauser/template/lib/gslab_make/docs/_static/fonts/Lato/lato-bolditalic.ttf | 2022-08-30 07:52:38 | 622572
/home/statauser/template/lib/gslab_make/test/WIP_test_matlab.py | 2022-08-30 07:52:43 | 8781
/home/statauser/template/lib/gslab_make/sphinx/build/doctrees/pages/dummy.doctree | 2022-08-30 07:52:41 | 51378
/home/statauser/template/lib/gslab_make/sphinx/build/html/_static/css/fonts/Roboto-Slab-Regular.woff | 2022-08-30 07:52:41 | 86288
/home/statauser/template/lib/gslab_make/sphinx/build/html/_static/fonts/RobotoSlab-Regular.ttf | 2022-08-30 07:52:42 | 169064
/home/statauser/template/lib/gslab_make/sphinx/build/html/_static/fonts/Lato/lato-italic.woff2 | 2022-08-30 07:52:42 | 195704
/home/statauser/template/lib/gslab_make/gslab_make/private/utility.py | 2022-08-30 07:52:40 | 8202
/home/statauser/template/lib/gslab_make/test/raw/log_sources/dir space/file space.txt | 2022-08-30 07:52:44 | 20
/home/statauser/template/lib/gslab_make/sphinx/README.md | 2022-08-30 07:52:40 | 1340
/home/statauser/template/lib/gslab_make/docs/pages/api/run_program/gslab_make.run_program.run_python.html | 2022-08-30 07:52:40 | 11096
/home/statauser/template/lib/gslab_make/sphinx/build/html/_static/js/badge_only.js | 2022-08-30 07:52:43 | 934
/home/statauser/template/lib/gslab_make/sphinx/build/html/objects.inv | 2022-08-30 07:52:43 | 1891
/home/statauser/template/lib/gslab_make/docs/_sources/pages/repository.rst.txt | 2022-08-30 07:52:37 | 363
/home/statauser/template/lib/gslab_make/docs/_sources/pages/api/run_program/gslab_make.run_program.run_lyx.rst.txt | 2022-08-30 07:52:37 | 86
/home/statauser/template/lib/gslab_make/sphinx/build/html/_sources/pages/program.rst.txt | 2022-08-30 07:52:41 | 2704
/home/statauser/template/lib/gslab_make/sphinx/build/doctrees/pages/api/run_program/gslab_make.run_program.run_python.doctree | 2022-08-30 07:52:41 | 18482
/home/statauser/template/lib/gslab_make/docs/_static/fonts/RobotoSlab/roboto-slab-v7-regular.woff | 2022-08-30 07:52:38 | 86288
/home/statauser/template/lib/gslab_make/docs/pages/api/make_utility/gslab_make.make_utility.update_paths.html | 2022-08-30 07:52:40 | 7320
/home/statauser/template/lib/gslab_make/sphinx/build/doctrees/index.doctree | 2022-08-30 07:52:40 | 6021
/home/statauser/template/lib/gslab_make/docs/_static/doctools.js | 2022-08-30 07:52:38 | 8171
/home/statauser/template/lib/gslab_make/docs/pages/dummy.html | 2022-08-30 07:52:40 | 18117
/home/statauser/template/lib/gslab_make/sphinx/source/pages/api/run_program/gslab_make.run_program.run_python.rst | 2022-08-30 07:52:43 | 95
/home/statauser/template/lib/gslab_make/docs/_static/css/theme.css | 2022-08-30 07:52:38 | 129674
/home/statauser/template/lib/gslab_make/docs/pages/sourcing.html | 2022-08-30 07:52:40 | 32970
/home/statauser/template/lib/gslab_make/test/raw/run_program/lyx_file_handout.lyx | 2022-08-30 07:52:44 | 2000
/home/statauser/template/lib/gslab_make/test/raw/run_program/lyx_file_beamer.lyx | 2022-08-30 07:52:44 | 2000
/home/statauser/template/lib/gslab_make/sphinx/source/pages/api/tablefill/gslab_make.tablefill.tablefill.rst | 2022-08-30 07:52:43 | 90
/home/statauser/template/lib/gslab_make/docs/_static/css/fonts/fontawesome-webfont.woff | 2022-08-30 07:52:37 | 98024
/home/statauser/template/lib/gslab_make/docs/_static/jquery.js | 2022-08-30 07:52:39 | 89501
/home/statauser/template/lib/gslab_make/docs/_static/jquery-3.5.1.js | 2022-08-30 07:52:39 | 287630
/home/statauser/template/lib/gslab_make/sphinx/build/doctrees/pages/api/run_program/gslab_make.run_program.run_stat_transfer.doctree | 2022-08-30 07:52:41 | 18662
/home/statauser/template/lib/gslab_make/sphinx/build/html/pages/api/move_sources/gslab_make.move_sources.link_externals.html | 2022-08-30 07:52:43 | 12943
/home/statauser/template/lib/gslab_make/sphinx/source/pages/utility.rst | 2022-08-30 07:52:43 | 327
/home/statauser/template/lib/gslab_make/sphinx/build/html/pages/filling.html | 2022-08-30 07:52:43 | 16651
/home/statauser/template/lib/gslab_make/gslab_make/__pycache__/textfill_info.cpython-37.pyc | 2022-08-30 07:56:03 | 6454
/home/statauser/template/lib/gslab_make/sphinx/build/html/_static/fonts/Lato/lato-italic.eot | 2022-08-30 07:52:42 | 268604
/home/statauser/template/lib/gslab_make/test/EXCLUDE_test_perl.py | 2022-08-30 07:52:43 | 9024
/home/statauser/template/lib/gslab_make/sphinx/source/index.rst | 2022-08-30 07:52:43 | 1039
/home/statauser/template/lib/gslab_make/docs/_sources/pages/utility.rst.txt | 2022-08-30 07:52:37 | 327
/home/statauser/template/lib/gslab_make/sphinx/source/pages/api/modify_dir/gslab_make.modify_dir.clear_dir.rst | 2022-08-30 07:52:43 | 91
/home/statauser/template/lib/gslab_make/build/lib/gslab_make/modify_dir.py | 2022-08-30 07:52:37 | 7384
/home/statauser/template/lib/gslab_make/gslab_make/__init__.py | 2022-08-30 07:52:40 | 2685
/home/statauser/template/lib/gslab_make/docs/_static/fonts/fontawesome-webfont.woff | 2022-08-30 07:52:38 | 98024
/home/statauser/template/lib/gslab_make/test/raw/run_program/lyx_file_handout_handout.lyx.bak | 2022-08-30 07:52:44 | 2000
/home/statauser/template/lib/gslab_make/sphinx/build/doctrees/pages/api/write_logs/gslab_make.write_logs.start_makelog.doctree | 2022-08-30 07:52:41 | 7574
/home/statauser/template/lib/gslab_make/sphinx/build/html/pages/api/check_repo/gslab_make.check_repo.check_module_size.html | 2022-08-30 07:52:43 | 8136
/home/statauser/template/lib/gslab_make/docs/_static/fonts/Lato/lato-bolditalic.woff2 | 2022-08-30 07:52:38 | 193308
/home/statauser/template/lib/gslab_make/sphinx/build/doctrees/pages/api/run_program/gslab_make.run_program.run_latex.doctree | 2022-08-30 07:52:41 | 19976
/home/statauser/template/lib/gslab_make/sphinx/build/html/_static/graphviz.css | 2022-08-30 07:52:42 | 299
/home/statauser/template/lib/gslab_make/test/raw/config/config_user_bad.yaml | 2022-08-30 07:52:44 | 131
/home/statauser/template/lib/gslab_make/sphinx/build/html/pages/general_logging.html | 2022-08-30 07:52:43 | 14623
/home/statauser/template/lib/gslab_make/sphinx/build/html/_static/css/fonts/Roboto-Slab-Bold.woff | 2022-08-30 07:52:41 | 87624
/home/statauser/template/lib/gslab_make/sphinx/build/html/_static/fonts/Lato/lato-regular.woff | 2022-08-30 07:52:42 | 309192
/home/statauser/template/lib/gslab_make/docs/_static/css/fonts/Roboto-Slab-Regular.woff | 2022-08-30 07:52:37 | 86288
/home/statauser/template/lib/gslab_make/gslab_make/run_program.py | 2022-08-30 07:52:40 | 39492
/home/statauser/template/lib/gslab_make/docs/_sources/pages/api/run_program/gslab_make.run_program.run_python.rst.txt | 2022-08-30 07:52:37 | 95
/home/statauser/template/lib/gslab_make/sphinx/build/html/_sources/pages/api/write_logs/gslab_make.write_logs.end_makelog.rst.txt | 2022-08-30 07:52:41 | 97
/home/statauser/template/lib/gslab_make/gslab_make/__pycache__/run_program.cpython-37.pyc | 2022-08-30 07:56:01 | 30808
/home/statauser/template/lib/gslab_make/docs/_static/css/fonts/fontawesome-webfont.ttf | 2022-08-30 07:52:37 | 165548
/home/statauser/template/lib/gslab_make/sphinx/build/html/_static/jquery-3.2.1.js | 2022-08-30 07:52:42 | 268039
/home/statauser/template/lib/gslab_make/test/raw/config/config_bad.yaml | 2022-08-30 07:52:43 | 987
/home/statauser/template/lib/gslab_make/sphinx/build/html/_static/css/fonts/Roboto-Slab-Regular.woff2 | 2022-08-30 07:52:41 | 66444
/home/statauser/template/lib/gslab_make/sphinx/build/html/_static/fonts/Lato/lato-regular.woff2 | 2022-08-30 07:52:42 | 182708
/home/statauser/template/lib/gslab_make/test/README.md | 2022-08-30 07:52:43 | 830
/home/statauser/template/lib/gslab_make/docs/_static/fonts/RobotoSlab-Bold.ttf | 2022-08-30 07:52:38 | 170616
/home/statauser/template/lib/gslab_make/test/raw/log_outputs/dir_local/file_local.txt | 2022-08-30 07:52:44 | 20
/home/statauser/template/lib/gslab_make/docs/_sources/pages/api/write_logs/gslab_make.write_logs.log_files_in_output.rst.txt | 2022-08-30 07:52:37 | 121
/home/statauser/template/lib/gslab_make/docs/_sources/pages/api/modify_dir/gslab_make.modify_dir.clear_dir.rst.txt | 2022-08-30 07:52:37 | 91
/home/statauser/template/lib/gslab_make/sphinx/build/html/pages/source_logging.html | 2022-08-30 07:52:43 | 10550
/home/statauser/template/lib/gslab_make/build/lib/gslab_make/check_repo.py | 2022-08-30 07:52:37 | 14471
/home/statauser/template/lib/gslab_make/sphinx/source/pages/source_logging.rst | 2022-08-30 07:52:43 | 380
